#
# A fatal error has been detected by the Java Runtime Environment:
#
#  EXCEPTION_ACCESS_VIOLATION (0xc0000005) at pc=0x00000000037bc490, pid=38584, tid=0x0000000000000b1c
#
# JRE version: Java(TM) SE Runtime Environment (8.0_241-b07) (build 1.8.0_241-b07)
# Java VM: Java HotSpot(TM) 64-Bit Server VM (25.241-b07 mixed mode windows-amd64 compressed oops)
# Problematic frame:
# C  0x00000000037bc490
#
# Failed to write core dump. Minidumps are not enabled by default on client versions of Windows
#
# If you would like to submit a bug report, please visit:
#   http://bugreport.java.com/bugreport/crash.jsp
# The crash happened outside the Java Virtual Machine in native code.
# See problematic frame for where to report the bug.
#

---------------  T H R E A D  ---------------

Current thread (0x0000000003452000):  JavaThread "main" [_thread_in_native, id=2844, stack(0x0000000003330000,0x0000000003430000)]

siginfo: ExceptionCode=0xc0000005, ExceptionInformation=0x0000000000000008 0x00000000037bc490

Registers:
RAX=0x00000000037c09b0, RBX=0x0000000000000001, RCX=0x0000000001060150, RDX=0x000000000342c970
RSP=0x000000000342c5d8, RBP=0x000000000342c6e0, RSI=0x000000000342c9d0, RDI=0x000000000342ca10
R8 =0x000000000342ca10, R9 =0x000000000342cb50, R10=0x0000000000000000, R11=0x000000000342c5d0
R12=0x0000000000000000, R13=0x0000000000000000, R14=0x0000000000000000, R15=0x000000000342c960
RIP=0x00000000037bc490, EFLAGS=0x0000000000010297

Top of Stack: (sp=0x000000000342c5d8)
0x000000000342c5d8:   00007ffa3b44c1df 00000000000000c8
0x000000000342c5e8:   000000000342c9d0 000000000342ca10
0x000000000342c5f8:   000000000342cb50 0000000000000000
0x000000000342c608:   0000000000000000 0000000000000000
0x000000000342c618:   0000000000000000 0000000000000000
0x000000000342c628:   0000000000000000 000000000342c960
0x000000000342c638:   000000000342c9d0 0000000000000030
0x000000000342c648:   0000000001640cf0 0000000000000000
0x000000000342c658:   0000000000000000 0000000000000000
0x000000000342c668:   0000000000000030 0000000000000020
0x000000000342c678:   0000000000000008 0000000001060000
0x000000000342c688:   000000000342c749 0000000000000003
0x000000000342c698:   00007ffa48dfb3c7 00007ffa3b54ff80
0x000000000342c6a8:   0000000000000001 0000000000000000
0x000000000342c6b8:   0000000000000000 0000000000000000
0x000000000342c6c8:   0000000000000007 000000020342cb50 

Instructions: (pc=0x00000000037bc490)
0x00000000037bc470:   00 00 00 00 00 00 00 00 00 00 00 00 00 00 00 00
0x00000000037bc480:   00 00 00 00 00 00 00 00 00 00 00 00 00 00 00 00
0x00000000037bc490:   00 00 00 00 00 00 00 00 00 00 00 00 00 00 00 00
0x00000000037bc4a0:   00 00 00 00 00 00 00 00 00 00 00 00 00 00 00 00 


Register to memory mapping:

RAX=0x00000000037c09b0 is an unknown value
RBX=0x0000000000000001 is an unknown value
RCX=0x0000000001060150 is an unknown value
RDX=0x000000000342c970 is pointing into the stack for thread: 0x0000000003452000
RSP=0x000000000342c5d8 is pointing into the stack for thread: 0x0000000003452000
RBP=0x000000000342c6e0 is pointing into the stack for thread: 0x0000000003452000
RSI=0x000000000342c9d0 is pointing into the stack for thread: 0x0000000003452000
RDI=0x000000000342ca10 is pointing into the stack for thread: 0x0000000003452000
R8 =0x000000000342ca10 is pointing into the stack for thread: 0x0000000003452000
R9 =0x000000000342cb50 is pointing into the stack for thread: 0x0000000003452000
R10=0x0000000000000000 is an unknown value
R11=0x000000000342c5d0 is pointing into the stack for thread: 0x0000000003452000
R12=0x0000000000000000 is an unknown value
R13=0x0000000000000000 is an unknown value
R14=0x0000000000000000 is an unknown value
R15=0x000000000342c960 is pointing into the stack for thread: 0x0000000003452000


Stack: [0x0000000003330000,0x0000000003430000],  sp=0x000000000342c5d8,  free space=1009k
Native frames: (J=compiled Java code, j=interpreted, Vv=VM code, C=native code)
C  0x00000000037bc490

Java frames: (J=compiled Java code, j=interpreted, Vv=VM code)
j  java.io.WinNTFileSystem.canonicalize0(Ljava/lang/String;)Ljava/lang/String;+0
j  java.io.WinNTFileSystem.canonicalize(Ljava/lang/String;)Ljava/lang/String;+298
j  java.io.File.getCanonicalPath()Ljava/lang/String;+27
j  java.io.File.getCanonicalFile()Ljava/io/File;+1
j  sun.misc.Launcher.getFileURL(Ljava/io/File;)Ljava/net/URL;+1
j  sun.misc.Launcher.pathToURLs([Ljava/io/File;)[Ljava/net/URL;+19
j  sun.misc.Launcher.access$400([Ljava/io/File;)[Ljava/net/URL;+1
j  sun.misc.Launcher$AppClassLoader$1.run()Lsun/misc/Launcher$AppClassLoader;+18
j  sun.misc.Launcher$AppClassLoader$1.run()Ljava/lang/Object;+1
v  ~StubRoutines::call_stub
j  java.security.AccessController.doPrivileged(Ljava/security/PrivilegedAction;)Ljava/lang/Object;+0
j  sun.misc.Launcher$AppClassLoader.getAppClassLoader(Ljava/lang/ClassLoader;)Ljava/lang/ClassLoader;+32
j  sun.misc.Launcher.<init>()V+25
j  sun.misc.Launcher.<clinit>()V+15
v  ~StubRoutines::call_stub
j  java.lang.ClassLoader.initSystemClassLoader()V+22
j  java.lang.ClassLoader.getSystemClassLoader()Ljava/lang/ClassLoader;+0
v  ~StubRoutines::call_stub

---------------  P R O C E S S  ---------------

Java Threads: ( => current thread )
  0x000000001f2d1000 JavaThread "Finalizer" daemon [_thread_blocked, id=288, stack(0x000000001f7b0000,0x000000001f8b0000)]
  0x000000001f2d0800 JavaThread "Reference Handler" daemon [_thread_blocked, id=41932, stack(0x000000001f6b0000,0x000000001f7b0000)]
=>0x0000000003452000 JavaThread "main" [_thread_in_native, id=2844, stack(0x0000000003330000,0x0000000003430000)]

Other Threads:
  0x000000001d427800 VMThread [stack: 0x000000001f100000,0x000000001f200000] [id=42952]

VM state:not at safepoint (normal execution)

VM Mutex/Monitor currently owned by a thread: None

heap address: 0x00000006c3800000, size: 4040 MB, Compressed Oops mode: Zero based, Oop shift amount: 3
Narrow klass base: 0x0000000000000000, Narrow klass shift: 3
Compressed class space size: 1073741824 Address: 0x00000007c0000000

Heap:
 PSYoungGen      total 75776K, used 1300K [0x000000076bd80000, 0x0000000771200000, 0x00000007c0000000)
  eden space 65024K, 2% used [0x000000076bd80000,0x000000076bec51f8,0x000000076fd00000)
  from space 10752K, 0% used [0x0000000770780000,0x0000000770780000,0x0000000771200000)
  to   space 10752K, 0% used [0x000000076fd00000,0x000000076fd00000,0x0000000770780000)
 ParOldGen       total 173568K, used 0K [0x00000006c3800000, 0x00000006ce180000, 0x000000076bd80000)
  object space 173568K, 0% used [0x00000006c3800000,0x00000006c3800000,0x00000006ce180000)
 Metaspace       used 2258K, capacity 4480K, committed 4480K, reserved 1056768K
  class space    used 240K, capacity 384K, committed 384K, reserved 1048576K

Card table byte_map: [0x0000000012e80000,0x0000000013670000] byte_map_base: 0x000000000f864000

Marking Bits: (ParMarkBitMap*) 0x000000005895be30
 Begin Bits: [0x00000000143c0000, 0x00000000182e0000)
 End Bits:   [0x00000000182e0000, 0x000000001c200000)

Polling page: 0x0000000003430000

CodeCache: size=245760Kb used=438Kb max_used=438Kb free=245322Kb
 bounds [0x0000000003ac0000, 0x0000000003d30000, 0x0000000012ac0000]
 total_blobs=159 nmethods=0 adapters=133
 compilation: enabled

Compilation events (0 events):
No events

GC Heap History (0 events):
No events

Deoptimization events (0 events):
No events

Classes redefined (0 events):
No events

Internal exceptions (2 events):
Event: 0.037 Thread 0x0000000003452000 Exception <a 'java/lang/NoSuchMethodError': Method sun.misc.Unsafe.defineClass(Ljava/lang/String;[BII)Ljava/lang/Class; name or signature does not match> (0x000000076bd87cc0) thrown at [C:\ade\jenkins\workspace\8-2-build-windows-amd64-cygwin\jdk8u241\331\
Event: 0.037 Thread 0x0000000003452000 Exception <a 'java/lang/NoSuchMethodError': Method sun.misc.Unsafe.prefetchRead(Ljava/lang/Object;J)V name or signature does not match> (0x000000076bd87fa8) thrown at [C:\ade\jenkins\workspace\8-2-build-windows-amd64-cygwin\jdk8u241\331\hotspot\src\share\

Events (10 events):
Event: 0.082 loading class java/security/ProtectionDomain$Key
Event: 0.082 loading class java/security/ProtectionDomain$Key done
Event: 0.082 loading class java/security/Principal
Event: 0.083 loading class java/security/Principal done
Event: 0.083 loading class sun/misc/URLClassPath
Event: 0.083 loading class sun/misc/URLClassPath done
Event: 0.083 loading class sun/net/www/protocol/jar/Handler
Event: 0.083 loading class sun/net/www/protocol/jar/Handler done
Event: 0.084 loading class sun/misc/Launcher$AppClassLoader$1
Event: 0.084 loading class sun/misc/Launcher$AppClassLoader$1 done


Dynamic libraries:
0x00007ff7c89f0000 - 0x00007ff7c8a27000 	C:\tool\jdk\jdk1.8.0_241\bin\java.exe
0x00007ffa48dd0000 - 0x00007ffa48fc5000 	C:\WINDOWS\SYSTEM32\ntdll.dll
0x00007ffa48bf0000 - 0x00007ffa48cae000 	C:\WINDOWS\System32\KERNEL32.DLL
0x00007ffa46750000 - 0x00007ffa46a18000 	C:\WINDOWS\System32\KERNELBASE.dll
0x00007ffa48370000 - 0x00007ffa4841e000 	C:\WINDOWS\System32\ADVAPI32.dll
0x00007ffa47740000 - 0x00007ffa477de000 	C:\WINDOWS\System32\msvcrt.dll
0x00007ffa48260000 - 0x00007ffa482fc000 	C:\WINDOWS\System32\sechost.dll
0x00007ffa48590000 - 0x00007ffa486b5000 	C:\WINDOWS\System32\RPCRT4.dll
0x00007ffa47f90000 - 0x00007ffa48130000 	C:\WINDOWS\System32\USER32.dll
0x00007ffa46b20000 - 0x00007ffa46b42000 	C:\WINDOWS\System32\win32u.dll
0x00007ffa486c0000 - 0x00007ffa486ea000 	C:\WINDOWS\System32\GDI32.dll
0x00007ffa46d20000 - 0x00007ffa46e2b000 	C:\WINDOWS\System32\gdi32full.dll
0x00007ffa46c50000 - 0x00007ffa46ced000 	C:\WINDOWS\System32\msvcp_win.dll
0x00007ffa46b50000 - 0x00007ffa46c50000 	C:\WINDOWS\System32\ucrtbase.dll
0x00007ffa3aaf0000 - 0x00007ffa3ad8a000 	C:\WINDOWS\WinSxS\amd64_microsoft.windows.common-controls_6595b64144ccf1df_6.0.19041.1110_none_60b5254171f9507e\COMCTL32.dll
0x00007ffa48420000 - 0x00007ffa48450000 	C:\WINDOWS\System32\IMM32.DLL
0x000000005a900000 - 0x000000005a90a000 	C:\Program Files (x86)\360\360safe\safemon\SafeWrapper.dll
0x00007ffa45060000 - 0x00007ffa450cb000 	C:\Windows\LVUAAgentInstBaseRoot\system32\Vozokopot.dll
0x00000000589e0000 - 0x0000000058ab2000 	C:\tool\jdk\jdk1.8.0_241\jre\bin\msvcr100.dll
0x0000000058130000 - 0x00000000589dc000 	C:\tool\jdk\jdk1.8.0_241\jre\bin\server\jvm.dll
0x00007ffa48750000 - 0x00007ffa48758000 	C:\WINDOWS\System32\PSAPI.DLL
0x00007ffa3a8b0000 - 0x00007ffa3a8b9000 	C:\WINDOWS\SYSTEM32\WSOCK32.dll
0x00007ffa48300000 - 0x00007ffa4836b000 	C:\WINDOWS\System32\WS2_32.dll
0x00007ffa402d0000 - 0x00007ffa402f7000 	C:\WINDOWS\SYSTEM32\WINMM.dll
0x00007ffa44fd0000 - 0x00007ffa44fda000 	C:\WINDOWS\SYSTEM32\VERSION.dll
0x00007ffa3beb0000 - 0x00007ffa3bebf000 	C:\tool\jdk\jdk1.8.0_241\jre\bin\verify.dll
0x00007ffa16c50000 - 0x00007ffa16c79000 	C:\tool\jdk\jdk1.8.0_241\jre\bin\java.dll
0x00007ffa3b220000 - 0x00007ffa3b66f000 	C:\Windows\LVUAAgentInstBaseRoot\system32\MozartBreathCore.dll
0x00007ffa48cb0000 - 0x00007ffa48d8b000 	C:\WINDOWS\System32\COMDLG32.dll
0x00007ffa46e40000 - 0x00007ffa47194000 	C:\WINDOWS\System32\combase.dll
0x00007ffa48130000 - 0x00007ffa481dd000 	C:\WINDOWS\System32\shcore.dll
0x00007ffa471a0000 - 0x00007ffa471f5000 	C:\WINDOWS\System32\SHLWAPI.dll
0x00007ffa3ae30000 - 0x00007ffa3ae4f000 	C:\WINDOWS\SYSTEM32\MPR.dll
0x00007ffa45930000 - 0x00007ffa4596b000 	C:\WINDOWS\SYSTEM32\IPHLPAPI.DLL
0x00007ffa3c6c0000 - 0x00007ffa3c6d4000 	C:\WINDOWS\SYSTEM32\WTSAPI32.dll
0x00007ffa477e0000 - 0x00007ffa47f24000 	C:\WINDOWS\System32\SHELL32.dll
0x00007ffa45970000 - 0x00007ffa45a3b000 	C:\WINDOWS\SYSTEM32\DNSAPI.dll
0x00007ffa3ad90000 - 0x00007ffa3ae24000 	C:\WINDOWS\SYSTEM32\WINSPOOL.DRV
0x00007ffa47400000 - 0x00007ffa4752a000 	C:\WINDOWS\System32\ole32.dll
0x00007ffa47200000 - 0x00007ffa472cd000 	C:\WINDOWS\System32\OLEAUT32.dll
0x00007ffa472d0000 - 0x00007ffa472d8000 	C:\WINDOWS\System32\NSI.dll
0x00007ffa0c720000 - 0x00007ffa0c755000 	C:\tool\jdk\jdk1.8.0_241\jre\bin\jdwp.dll
0x00007ffa3a7e0000 - 0x00007ffa3a835000 	C:\Windows\LVUAAgentInstBaseRoot\system32\MozartBreathWeb.dll
0x00007ffa3bbc0000 - 0x00007ffa3bbc8000 	C:\tool\jdk\jdk1.8.0_241\jre\bin\npt.dll
0x00007ffa3a660000 - 0x00007ffa3a682000 	C:\Windows\LVUAAgentInstBaseRoot\system32\MozartBreathFw.dll
0x00007ffa10ba0000 - 0x00007ffa10bc3000 	C:\tool\jdk\jdk1.8.0_241\jre\bin\instrument.dll
0x00007ffa3a600000 - 0x00007ffa3a65f000 	C:\Windows\LVUAAgentInstBaseRoot\system32\MozartBreathFile.dll
0x00007ffa3a5b0000 - 0x00007ffa3a5f7000 	C:\Windows\LVUAAgentInstBaseRoot\system32\MozartBreathPrint.dll
0x00007ffa3a5a0000 - 0x00007ffa3a5a7000 	C:\WINDOWS\SYSTEM32\MSIMG32.dll
0x00007ffa3a470000 - 0x00007ffa3a59b000 	C:\Windows\LVUAAgentInstBaseRoot\system32\MozartBreathProcess.dll
0x00007ffa3bb10000 - 0x00007ffa3bb26000 	C:\tool\jdk\jdk1.8.0_241\jre\bin\zip.dll
0x00007ffa3a400000 - 0x00007ffa3a461000 	C:\Windows\LVUAAgentInstBaseRoot\system32\MozartBreathBolo2.dll
0x00007ffa3a3e0000 - 0x00007ffa3a3ff000 	C:\Windows\LVUAAgentInstBaseRoot\system32\MozartBreathProtect.dll
0x00007ffa44060000 - 0x00007ffa447f4000 	C:\WINDOWS\SYSTEM32\windows.storage.dll
0x00007ffa45f20000 - 0x00007ffa45f4c000 	C:\WINDOWS\System32\Wldp.dll
0x00007ffa46430000 - 0x00007ffa4644f000 	C:\WINDOWS\SYSTEM32\profapi.dll
0x00007ffa44ba0000 - 0x00007ffa44d84000 	C:\WINDOWS\SYSTEM32\dbghelp.dll
0x00007ffa464f0000 - 0x00007ffa46572000 	C:\WINDOWS\System32\bcryptPrimitives.dll

VM Arguments:
jvm_args: -agentlib:jdwp=transport=dt_socket,address=127.0.0.1:56567,suspend=y,server=n -XX:TieredStopAtLevel=1 -Xverify:none -Dspring.output.ansi.enabled=always -javaagent:C:\Users\liyangzhen\AppData\Local\JetBrains\IntelliJIdea2021.1\captureAgent\debugger-agent.jar -Dcom.sun.management.jmxremote -Dspring.jmx.enabled=true -Dspring.liveBeansView.mbeanDomain -Dspring.application.admin.enabled=true -Dfile.encoding=UTF-8 
java_command: com.liyz.dubbo.service.staff.StaffServiceApplication
java_class_path (initial): C:\tool\jdk\jdk1.8.0_241\jre\lib\charsets.jar;C:\tool\jdk\jdk1.8.0_241\jre\lib\deploy.jar;C:\tool\jdk\jdk1.8.0_241\jre\lib\ext\access-bridge-64.jar;C:\tool\jdk\jdk1.8.0_241\jre\lib\ext\cldrdata.jar;C:\tool\jdk\jdk1.8.0_241\jre\lib\ext\dnsns.jar;C:\tool\jdk\jdk1.8.0_241\jre\lib\ext\jaccess.jar;C:\tool\jdk\jdk1.8.0_241\jre\lib\ext\jfxrt.jar;C:\tool\jdk\jdk1.8.0_241\jre\lib\ext\localedata.jar;C:\tool\jdk\jdk1.8.0_241\jre\lib\ext\nashorn.jar;C:\tool\jdk\jdk1.8.0_241\jre\lib\ext\sunec.jar;C:\tool\jdk\jdk1.8.0_241\jre\lib\ext\sunjce_provider.jar;C:\tool\jdk\jdk1.8.0_241\jre\lib\ext\sunmscapi.jar;C:\tool\jdk\jdk1.8.0_241\jre\lib\ext\sunpkcs11.jar;C:\tool\jdk\jdk1.8.0_241\jre\lib\ext\zipfs.jar;C:\tool\jdk\jdk1.8.0_241\jre\lib\javaws.jar;C:\tool\jdk\jdk1.8.0_241\jre\lib\jce.jar;C:\tool\jdk\jdk1.8.0_241\jre\lib\jfr.jar;C:\tool\jdk\jdk1.8.0_241\jre\lib\jfxswt.jar;C:\tool\jdk\jdk1.8.0_241\jre\lib\jsse.jar;C:\tool\jdk\jdk1.8.0_241\jre\lib\management-agent.jar;C:\tool\jdk\jdk1.8.0_241\jre\lib\plugin.jar;C:\tool\jdk\jdk1.8.0_241\jre\lib\resources.jar;C:\tool\jdk\jdk1.8.0_241\jre\lib\rt.jar;C:\code\liyz\dubbo-springboot-nacos\service\service-staff\staff-provider\target\classes;C:\code\liyz\dubbo-springboot-nacos\service\service-staff\staff-remote\target\classes;C:\code\liyz\dubbo-springboot-nacos\common\common-remote\target\classes;C:\mvn\org\springframework\boot\spring-boot-starter-validation\2.6.5\spring-boot-starter-validation-2.6.5.jar;C:\mvn\org\hibernate\validator\hibernate-validator\6.2.3.Final\hibernate-validator-6.2.3.Final.jar;C:\mvn\jakarta\validation\jakarta.validation-api\2.0.2\jakarta.validation-api-2.0.2.jar;C:\mvn\org\jboss\logging\jboss-logging\3.4.3.Final\jboss-logging-3.4.3.Final.jar;C:\mvn\com\fasterxml\classmate\1.5.1\classmate-1.5.1.jar;C:\code\liyz\dubbo-springboot-nacos\service\service-staff\staff-dao\target\classes;C:\code\liyz\dubbo-springboot-nacos\common\common-dao\target\classes;C:\mvn\com\baomidou\mybatis-plus-boot-starter\
Launcher Type: SUN_STANDARD

Environment Variables:
JAVA_HOME=C:\tool\jdk\jdk1.8.0_241
CLASSPATH=.;C:\tool\jdk\jdk1.8.0_241\lib;C:\tool\jdk\jdk1.8.0_241\lib\tools.jar
PATH=C:\Program Files (x86)\Common Files\Oracle\Java\javapath;C:\Program Files (x86)\NetSarang\Xshell 6\;C:\ProgramData\Oracle\Java\javapath;C:\Windows\system32;C:\Windows;C:\Windows\System32\Wbem;C:\Windows\System32\WindowsPowerShell\v1.0\;C:\Windows\System32\OpenSSH\;C:\Program Files (x86)\Intel\Intel(R) Management Engine Components\DAL;C:\Program Files\Intel\Intel(R) Management Engine Components\DAL;C:\Program Files\Intel\WiFi\bin\;C:\Program Files\Common Files\Intel\WirelessCommon\;C:\Program Files (x86)\NVIDIA Corporation\PhysX\Common;C:\Program Files\Git\cmd;C:\Program Files\TortoiseGit\bin;C:\tool\jdk\jdk1.8.0_241\bin;C:\tool\jdk\jdk1.8.0_241\jre\bin;C:\tool\gradle-5.5.1\bin;C:\tool\apache-maven-3.6.1\bin;C:\tool\mysql-8.0.16-winx64\bin;C:\Users\liyangzhen\Anaconda3\Scripts;C:\Users\liyangzhen\Anaconda3;C:\Users\liyangzhen\Anaconda3\Library\bin;C:\tool\hadoop-common-2.6.0-bin-master\bin;C:\tool\scala-2.12.0\bin;C:\Program Files\nodejs\;C:\tool\neo4j-community-3.5.19\bin;;C:\WINDOWS\system32;C:\WINDOWS;C:\WINDOWS\System32\Wbem;C:\WINDOWS\System32\WindowsPowerShell\v1.0\;C:\WINDOWS\System32\OpenSSH\;C:\Program Files\dotnet\;C:\Users\liyangzhen\AppData\Local\Microsoft\WindowsApps;;C:\tool\IntelliJ IDEA 2021.3.3\bin;;C:\Users\liyangzhen\AppData\Roaming\npm
USERNAME=liyangzhen
OS=Windows_NT
PROCESSOR_IDENTIFIER=Intel64 Family 6 Model 142 Stepping 12, GenuineIntel



---------------  S Y S T E M  ---------------

OS: Windows 10.0 , 64 bit Build 19041 (10.0.19041.1645)

CPU:total 8 (initial active 8) (4 cores per cpu, 2 threads per core) family 6 model 142 stepping 12, cmov, cx8, fxsr, mmx, sse, sse2, sse3, ssse3, sse4.1, sse4.2, popcnt, avx, avx2, aes, clmul, erms, 3dnowpref, lzcnt, ht, tsc, tscinvbit, bmi1, bmi2, adx

Memory: 4k page, physical 16546972k(2061300k free), swap 43909900k(11956216k free)

vm_info: Java HotSpot(TM) 64-Bit Server VM (25.241-b07) for windows-amd64 JRE (1.8.0_241-b07), built on Dec 11 2019 10:21:40 by "rejava" with MS VC++ 10.0 (VS2010)

time: Fri May 06 13:38:45 2022
timezone: 中国标准时间
elapsed time: 0 seconds (0d 0h 0m 0s)

